<?xml version="1.0" encoding="UTF-8"?>
<!-- Generated by org.testng.reporters.JUnitReportReporter -->
<testsuite hostname="DESKTOP-5EVK54D" failures="0" tests="1" name="ecommerceapi.Add_Product" time="0.687" errors="0" timestamp="2023-03-11T20:29:54 IST" skipped="0">
  <testcase classname="ecommerceapi.Add_Product" name="addProductToApp" time="0.687"/>
  <system-out/>
</testsuite> <!-- ecommerceapi.Add_Product -->
