<?xml version="1.0" encoding="UTF-8"?>
<!-- Generated by org.testng.reporters.JUnitReportReporter -->
<testsuite hostname="DESKTOP-5EVK54D" failures="0" tests="1" name="basics.Get_SingleUser" time="6.380" errors="0" timestamp="2023-03-07T20:15:20 IST" skipped="0">
  <testcase classname="basics.Get_SingleUser" name="getSingleUsr" time="6.380"/>
  <system-out/>
</testsuite> <!-- basics.Get_SingleUser -->
