<?xml version="1.0" encoding="UTF-8"?>
<!-- Generated by org.testng.reporters.JUnitReportReporter -->
<testsuite hostname="DESKTOP-5EVK54D" failures="0" tests="1" name="basics.Get_SingleResource" time="6.535" errors="0" timestamp="2023-03-07T20:37:23 IST" skipped="0">
  <testcase classname="basics.Get_SingleResource" name="getSingleuser" time="6.535"/>
  <system-out/>
</testsuite> <!-- basics.Get_SingleResource -->
