<?xml version="1.0" encoding="UTF-8"?>
<!-- Generated by org.testng.reporters.JUnitReportReporter -->
<testsuite hostname="DESKTOP-5EVK54D" failures="0" tests="1" name="basics.FetchDynamicArrayElements" time="6.024" errors="0" timestamp="2023-03-08T19:52:18 IST" skipped="0">
  <testcase classname="basics.FetchDynamicArrayElements" name="getUsers" time="6.024"/>
  <system-out/>
</testsuite> <!-- basics.FetchDynamicArrayElements -->
