<?xml version="1.0" encoding="UTF-8"?>
<!-- Generated by org.testng.reporters.JUnitReportReporter -->
<testsuite hostname="DESKTOP-5EVK54D" failures="0" tests="1" name="basics.GetRequest" time="7.672" errors="0" timestamp="2023-03-07T20:26:38 IST" skipped="0">
  <testcase classname="basics.GetRequest" name="getUsers" time="7.672"/>
  <system-out/>
</testsuite> <!-- basics.GetRequest -->
