<?xml version="1.0" encoding="UTF-8"?>
<!-- Generated by org.testng.reporters.JUnitReportReporter -->
<testsuite hostname="DESKTOP-5EVK54D" failures="0" tests="1" name="basics.POSTRequest" time="11.366" errors="0" timestamp="2023-03-08T20:49:25 IST" skipped="0">
  <testcase classname="basics.POSTRequest" name="createUser" time="11.366"/>
  <system-out/>
</testsuite> <!-- basics.POSTRequest -->
