<?xml version="1.0" encoding="UTF-8"?>
<!-- Generated by org.testng.reporters.JUnitReportReporter -->
<testsuite hostname="DESKTOP-5EVK54D" failures="0" tests="2" name="basics.MockJsonResponse" time="3.250" errors="0" timestamp="2023-03-08T20:33:15 IST" skipped="0">
  <testcase classname="basics.MockJsonResponse" name="getRPAPrice" time="2.877"/>
  <system-out/>
  <testcase classname="basics.MockJsonResponse" name="validateTotalPrice" time="0.373"/>
  <system-out/>
</testsuite> <!-- basics.MockJsonResponse -->
