<?xml version="1.0" encoding="UTF-8"?>
<!-- Generated by org.testng.reporters.JUnitReportReporter -->
<testsuite hostname="DESKTOP-5EVK54D" failures="0" tests="1" name="basics.GetRequest" time="5.853" errors="0" timestamp="2023-03-08T19:43:26 IST" skipped="0">
  <testcase classname="basics.GetRequest" name="getUsers" time="5.853"/>
  <system-out/>
</testsuite> <!-- basics.GetRequest -->
