<?xml version="1.0" encoding="UTF-8"?>
<!-- Generated by org.testng.reporters.JUnitReportReporter -->
<testsuite hostname="DESKTOP-5EVK54D" failures="0" tests="2" name="basics.APIChaining" time="15.267" errors="0" timestamp="2023-03-10T20:19:14 IST" skipped="0">
  <testcase classname="basics.APIChaining" name="createUser" time="7.208"/>
  <system-out/>
  <testcase classname="basics.APIChaining" name="getUserDetails" time="8.059"/>
  <system-out/>
</testsuite> <!-- basics.APIChaining -->
