<?xml version="1.0" encoding="UTF-8"?>
<!-- Generated by org.testng.reporters.JUnitReportReporter -->
<testsuite hostname="DESKTOP-5EVK54D" failures="0" tests="1" name="ecommerceapi.LoginAPI" time="7.548" errors="0" timestamp="2023-03-12T19:54:48 IST" skipped="0">
  <testcase classname="ecommerceapi.LoginAPI" name="loginToApp" time="7.548"/>
  <system-out/>
</testsuite> <!-- ecommerceapi.LoginAPI -->
