<?xml version="1.0" encoding="UTF-8"?>
<!-- Generated by org.testng.reporters.JUnitReportReporter -->
<testsuite hostname="DESKTOP-5EVK54D" failures="0" tests="1" name="ecommerceapi.PlaceOrdersAPI" time="0.200" errors="0" timestamp="2023-03-11T20:29:54 IST" skipped="0">
  <testcase classname="ecommerceapi.PlaceOrdersAPI" name="placeOrder" time="0.200"/>
  <system-out/>
</testsuite> <!-- ecommerceapi.PlaceOrdersAPI -->
