<?xml version="1.0" encoding="UTF-8"?>
<!-- Generated by org.testng.reporters.JUnitReportReporter -->
<testsuite hostname="DESKTOP-5EVK54D" failures="0" tests="1" name="serializationanddeserialization.CreateUser" time="8.096" errors="0" timestamp="2023-03-10T19:52:18 IST" skipped="0">
  <testcase classname="serializationanddeserialization.CreateUser" name="createUser" time="8.096"/>
  <system-out/>
</testsuite> <!-- serializationanddeserialization.CreateUser -->
