<?xml version="1.0" encoding="UTF-8"?>
<!-- Generated by org.testng.reporters.JUnitReportReporter -->
<testsuite hostname="DESKTOP-5EVK54D" failures="0" tests="1" name="basics.CreateUser" time="7.134" errors="0" timestamp="2023-03-09T19:53:36 IST" skipped="0">
  <testcase classname="basics.CreateUser" name="createUser" time="7.134"/>
  <system-out/>
</testsuite> <!-- basics.CreateUser -->
