<?xml version="1.0" encoding="UTF-8"?>
<!-- Generated by org.testng.reporters.JUnitReportReporter -->
<testsuite hostname="DESKTOP-5EVK54D" failures="0" tests="1" name="serializationanddeserialization.CreateUser" time="6.432" errors="0" timestamp="2023-03-09T20:41:54 IST" skipped="0">
  <testcase classname="serializationanddeserialization.CreateUser" name="createUser" time="6.432"/>
  <system-out/>
</testsuite> <!-- serializationanddeserialization.CreateUser -->
